<?xml version="1.0" encoding="UTF-8"?>
<testng-results skipped="0" failed="0" ignored="0" total="2" passed="2">
  <reporter-output>
  </reporter-output>
  <suite name="Default suite" duration-ms="38842" started-at="2020-04-26T08:47:20Z" finished-at="2020-04-26T08:47:59Z">
    <groups>
    </groups>
    <test name="Default test" duration-ms="38842" started-at="2020-04-26T08:47:20Z" finished-at="2020-04-26T08:47:59Z">
      <class name="com.tests.LoginTest">
        <test-method status="PASS" signature="setup()[pri:0, instance:com.tests.LoginTest@5ec0a365]" name="setup" is-config="true" duration-ms="14950" started-at="2020-04-26T14:17:20Z" finished-at="2020-04-26T14:17:35Z">
          <reporter-output>
          </reporter-output>
        </test-method> <!-- setup -->
        <test-method status="PASS" signature="freeCrmTitleTest()[pri:1, instance:com.tests.LoginTest@5ec0a365]" name="freeCrmTitleTest" duration-ms="17" started-at="2020-04-26T14:17:35Z" finished-at="2020-04-26T14:17:35Z">
          <reporter-output>
          </reporter-output>
        </test-method> <!-- freeCrmTitleTest -->
        <test-method status="PASS" signature="tearDown()[pri:0, instance:com.tests.LoginTest@5ec0a365]" name="tearDown" is-config="true" duration-ms="702" started-at="2020-04-26T14:17:35Z" finished-at="2020-04-26T14:17:36Z">
          <reporter-output>
          </reporter-output>
        </test-method> <!-- tearDown -->
        <test-method status="PASS" signature="setup()[pri:0, instance:com.tests.LoginTest@5ec0a365]" name="setup" is-config="true" duration-ms="22427" started-at="2020-04-26T14:17:36Z" finished-at="2020-04-26T14:17:58Z">
          <reporter-output>
          </reporter-output>
        </test-method> <!-- setup -->
        <test-method status="PASS" signature="freemCRMLogoTest()[pri:2, instance:com.tests.LoginTest@5ec0a365]" name="freemCRMLogoTest" duration-ms="69" started-at="2020-04-26T14:17:58Z" finished-at="2020-04-26T14:17:58Z">
          <reporter-output>
          </reporter-output>
        </test-method> <!-- freemCRMLogoTest -->
        <test-method status="PASS" signature="tearDown()[pri:0, instance:com.tests.LoginTest@5ec0a365]" name="tearDown" is-config="true" duration-ms="657" started-at="2020-04-26T14:17:58Z" finished-at="2020-04-26T14:17:59Z">
          <reporter-output>
          </reporter-output>
        </test-method> <!-- tearDown -->
      </class> <!-- com.tests.LoginTest -->
    </test> <!-- Default test -->
  </suite> <!-- Default suite -->
</testng-results>
